commit bc718ebb09376eace130b92777a35a42fcc763a7
Author: Xindi Xu <xindixu@utexas.edu>
Date:   Sun Mar 24 17:32:26 2019 -0500

    reformat salary

commit 24558bce7d34148d856a5a69a2653351c6dd2831
Merge: 1ac2c8f 32a7a6d
Author: Xindi Xu <xindixu@utexas.edu>
Date:   Sun Mar 24 17:30:28 2019 -0500

    Merge branch 'dev'

commit 32a7a6d09ea87abf41a86876e77ad74f53264c77
Merge: 6437cae 6699025
Author: Xindi Xu <xindixu@utexas.edu>
Date:   Sun Mar 24 17:30:03 2019 -0500

    Merge branch 'dev' of https://gitlab.com/stalwar5/cs329e-idb into dev

commit 6437cae21201e4cf73cd11d2cd2b72b4d24c1c0f
Author: Xindi Xu <xindixu@utexas.edu>
Date:   Sun Mar 24 17:29:56 2019 -0500

    bls api + real salary data

commit 1ac2c8fd3ed2a9614d5813ce034b067470ea74b6
Merge: 0f041de 6699025
Author: Aidan T. Manning <periodicaidan@gmail.com>
Date:   Sun Mar 24 22:01:52 2019 +0000

    Merge branch 'dev' into 'master'
    
    Edited Srishtti's bio
    
    See merge request stalwar5/cs329e-idb!9

commit 6699025255156fdfd6bbf9b6826395339faa54bd
Author: periodicaidan <periodicaidan@gmail.com>
Date:   Sun Mar 24 17:00:52 2019 -0500

    Edited Srishtti's bio

commit 0f041de311d1bb8c050ba2a618669f0476ca3389
Merge: c821223 196a1a1
Author: Aidan T. Manning <periodicaidan@gmail.com>
Date:   Sun Mar 24 21:56:30 2019 +0000

    Merge branch 'dev' into 'master'
    
    Finished up the about page
    
    See merge request stalwar5/cs329e-idb!8

commit 196a1a11e6e2157efd02b2b6999721ef3cdc087d
Author: periodicaidan <periodicaidan@gmail.com>
Date:   Sun Mar 24 16:56:11 2019 -0500

    Finished up the about page

commit c821223981595d2603f24c7935c072f9835cf748
Merge: b4fe70d 1bb828b
Author: Aidan T. Manning <periodicaidan@gmail.com>
Date:   Sun Mar 24 20:22:40 2019 +0000

    Merge branch 'dev' into 'master'
    
    Dev
    
    See merge request stalwar5/cs329e-idb!7

commit 1bb828b62938d0c54bd75e2ab75d7cb689e45423
Merge: d439e15 b4fe70d
Author: Aidan T. Manning <periodicaidan@gmail.com>
Date:   Sun Mar 24 20:22:35 2019 +0000

    Merge branch 'master' into 'dev'
    
    # Conflicts:
    #   app/main.py

commit d439e15b555471adcdced7fb03a3ec686ca85c96
Author: periodicaidan <periodicaidan@gmail.com>
Date:   Sun Mar 24 15:21:26 2019 -0500

    Edited about endpoint in main.py to work out the number of commits and issues faster

commit d316b033ce3d87596a8b30304f178497900a2f04
Author: Xindi Xu <xindixu@utexas.edu>
Date:   Sun Mar 24 15:05:54 2019 -0500

    home page styling + skill page

commit b4fe70dc8cae225b4c73b9b5fa9dd67d74a82ddb
Merge: f2652f3 0ff41a5
Author: Xindi Xu <xindixu@utexas.edu>
Date:   Sun Mar 24 14:58:30 2019 -0500

    Merge branch 'master' of https://gitlab.com/stalwar5/cs329e-idb

commit f2652f3a7190eaa55140141c231fa2d8dd00522a
Author: Xindi Xu <xindixu@utexas.edu>
Date:   Sun Mar 24 14:58:20 2019 -0500

    merge

commit 0ff41a5850b29d21e1fc17e6e261b0c138b32d93
Author: Aidan T. Manning <periodicaidan@gmail.com>
Date:   Sun Mar 24 19:57:17 2019 +0000

    Update main.py

commit f004daabaf583f0a2191f8d99c18c3eac0ce8932
Merge: 70b8879 9706302
Author: Xindi Xu <xindixu@utexas.edu>
Date:   Sun Mar 24 14:57:16 2019 -0500

    Merge branch 'master' of https://gitlab.com/stalwar5/cs329e-idb

commit 70b88795773cb8ac17b08a4aa321c4116b1be8de
Author: Xindi Xu <xindixu@utexas.edu>
Date:   Sun Mar 24 14:56:42 2019 -0500

    merge & resolve conflict

commit 9706302e6bae87626931540f8702036153f416e0
Merge: d1158a2 1a719e0
Author: Aidan T. Manning <periodicaidan@gmail.com>
Date:   Sun Mar 24 19:56:19 2019 +0000

    Merge branch 'dev' into 'master'
    
    More work on about page, flashed messages shown on register/login pages
    
    See merge request stalwar5/cs329e-idb!6

commit bbe2d1aaf0b2460cc8547e68235c4ff6a11b858e
Merge: d1158a2 7215157
Author: Xindi Xu <xindixu@utexas.edu>
Date:   Sun Mar 24 14:56:19 2019 -0500

    Merge branch 'dev'

commit 1a719e09cc011fce905632614a7ee09d9ad28a3b
Merge: 7215157 d1158a2
Author: Aidan T. Manning <periodicaidan@gmail.com>
Date:   Sun Mar 24 19:56:15 2019 +0000

    Merge branch 'master' into 'dev'
    
    # Conflicts:
    #   app/main.py

commit d1158a2147836fbbcc017196a719ec19b5d9220f
Author: Xindi Xu <xindixu@utexas.edu>
Date:   Sun Mar 24 14:54:16 2019 -0500

    footer + formate job & salary pages

commit 721515733820ec5e26113d2c7885266a08eca419
Author: periodicaidan <periodicaidan@gmail.com>
Date:   Sun Mar 24 14:53:34 2019 -0500

    More work on about page, flashed messages shown on register/login pages

commit 20dcb76766c6cdbd303d419aa9a34076301a85f3
Author: Srishtti Talwar <tsrishtti@gmail.com>
Date:   Sun Mar 24 14:03:19 2019 -0500

    edited salaries tab, changed one bracket of salaries

commit 2f5a404c4127f1ac92f76f22e00126878fda3bad
Merge: 2d6e16c 78d33f1
Author: Dylan Mulrooney <dmulrooney@utexas.edu>
Date:   Sun Mar 24 13:48:15 2019 -0500

    Merge branch 'dev'

commit 78d33f1b3ed8729f5015111f4e27fef224c97bd7
Author: Dylan Mulrooney <dmulrooney@utexas.edu>
Date:   Sun Mar 24 12:39:28 2019 -0500

    Fixed templates design, fixed blank line issue.

commit 350917b8f9d4924cacdaa44f31308add0a3e59f6
Author: Dylan Mulrooney <dmulrooney@utexas.edu>
Date:   Sun Mar 24 12:29:05 2019 -0500

    Disabled login/reigster for now since not compatible with GCP

commit 61be6ab1fb1aceabcb48952bcc60d985d6617b6a
Author: Dylan Mulrooney <dmulrooney@utexas.edu>
Date:   Sun Mar 24 12:28:52 2019 -0500

    Disabled login/reigster for now since not compatible with GCP

commit 926cd2a06ab7beb1c018d1733cab55ecbbf6b25c
Author: Dylan Mulrooney <dmulrooney@utexas.edu>
Date:   Sun Mar 24 12:21:10 2019 -0500

    Made the home page dynamically calculate number of jobs and skills for home page

commit 3d8d8cc3f6ddd36c99441cbc269a5befd2434677
Author: Dylan Mulrooney <dmulrooney@utexas.edu>
Date:   Sun Mar 24 11:09:49 2019 -0500

    Added splash page and made it pretty

commit 2d6e16cc8bd7427ca919f0ecb122f1f528ebeab9
Merge: 1091f14 a51f0a4
Author: Aidan T. Manning <periodicaidan@gmail.com>
Date:   Sun Mar 24 06:19:08 2019 +0000

    Merge branch 'dev' into 'master'
    
    Dev
    
    See merge request stalwar5/cs329e-idb!5

commit a51f0a409682ea60915f095fe56821d475e69eb8
Author: periodicaidan <periodicaidan@gmail.com>
Date:   Sun Mar 24 01:16:59 2019 -0500

    Added about page, made job and skill pages look more aesthetically pleasing

commit a206ec57991c020a7dcd4d6ec54bc6a6f8898aab
Author: Dylan Mulrooney <dmulrooney@utexas.edu>
Date:   Sat Mar 23 23:37:04 2019 -0500

    Removed bad files

commit 12c830a61ac2b096f68dae262ce91f0694f77251
Author: Dylan Mulrooney <dmulrooney@utexas.edu>
Date:   Sat Mar 23 23:24:17 2019 -0500

    Fixed files to work with google cloud platform, needs some revisions still

commit 1091f140071891d8a32490979c0f71fa7f672a74
Merge: 03505cf beae2c6
Author: cloudashD <yiranzhang@utexas.edu>
Date:   Sat Mar 23 21:38:48 2019 -0500

    gerge branch 'master' of https://gitlab.com/stalwar5/cs329e-idb
    merge salary

commit beae2c650039c757c66bca6f228eb25b05fd971b
Merge: 6dc15ea f3ffa4a
Author: Yiran Zhang <yiranzhang@utexas.edu>
Date:   Sun Mar 24 02:29:24 2019 +0000

    Merge branch 'dev' into 'master'
    
    Dev
    
    See merge request stalwar5/cs329e-idb!4

commit f3ffa4a6b1db591d0c2507af220416bfaa43c090
Author: Dylan Mulrooney <dmulrooney@utexas.edu>
Date:   Sat Mar 23 21:11:29 2019 -0500

    Added gunicorn as a requirement for GDP to run the program WSGI

commit ac863462764e0483bd10e0f1ec0a44172a76d915
Author: Dylan Mulrooney <dmulrooney@utexas.edu>
Date:   Sat Mar 23 21:10:28 2019 -0500

    Added app.yaml for GDP deployment

commit 03505cf32e44d8ced2d32a80392f8081315af0b0
Merge: 6dc15ea 4b855cb
Author: cloudashD <yiranzhang@utexas.edu>
Date:   Sat Mar 23 00:06:28 2019 -0500

    Merge branch 'dev'

commit 4b855cbe74f6c1fec4bd69343d2dad085151143f
Author: cloudashD <yiranzhang@utexas.edu>
Date:   Sat Mar 23 00:03:43 2019 -0500

    hardcode salary

commit 6dc15ea81054e8e3edf4b6683266a717d58d11dc
Merge: 66b45b4 14e9991
Author: Aidan T. Manning <periodicaidan@gmail.com>
Date:   Fri Mar 22 18:22:52 2019 +0000

    Merge branch 'dev' into 'master'
    
    Dev
    
    See merge request stalwar5/cs329e-idb!3

commit 14e999199aa3cab6531e5a411e647a82b202d741
Author: periodicaidan <periodicaidan@gmail.com>
Date:   Fri Mar 22 13:22:19 2019 -0500

    Tweaked Skills page

commit 7b29f4c4251e99e1719c97241a3fb5760a6399f0
Merge: 9cdd06c 66b45b4
Author: periodicaidan <periodicaidan@gmail.com>
Date:   Fri Mar 22 13:13:28 2019 -0500

    Merge remote-tracking branch 'origin/master'
    
    # Conflicts:
    #       README.md

commit 66b45b427a09b7b1b4a18060d86fbb07ee1aa86d
Merge: 638b3d2 73b95b4
Author: Aidan T. Manning <periodicaidan@gmail.com>
Date:   Fri Mar 22 18:11:56 2019 +0000

    Merge branch 'dev-aidan' into 'master'
    
    skills_info.html and skills.html created, updated __init__.py
    
    See merge request stalwar5/cs329e-idb!2

commit 73b95b4b93d3351e039b56b4d8be1c171f3a99be
Author: Srishtti Talwar <tsrishtti@gmail.com>
Date:   Fri Mar 22 13:07:38 2019 -0500

    skills_info.html and skills.html created, updated __init__.py

commit 638b3d254602ef2f818c737107fc0698be4ca713
Author: Xindi Xu <xindixu@utexas.edu>
Date:   Fri Mar 22 12:23:03 2019 -0500

    load related jobs + skill desciption

commit e90e106455d6c074c81619dac4ee20f712c1d761
Merge: ed29a4b b4fb52f
Author: Aidan T. Manning <periodicaidan@gmail.com>
Date:   Fri Mar 22 17:03:34 2019 +0000

    Merge branch 'dev-aidan' into 'master'
    
    Dev aidan
    
    See merge request stalwar5/cs329e-idb!1

commit b4fb52f68e47026d7ff67b457488ee1b44835329
Author: periodicaidan <periodicaidan@gmail.com>
Date:   Fri Mar 22 12:00:34 2019 -0500

    Added jobs pages

commit 9b84440da2ecdd150ea9dad94537ac47cd7a2187
Author: periodicaidan <periodicaidan@gmail.com>
Date:   Fri Mar 22 00:18:48 2019 -0500

    Tiny update to README

commit 9cdd06c14b713246db9cf04ed96f49892dae0baa
Author: periodicaidan <periodicaidan@gmail.com>
Date:   Fri Mar 22 00:17:08 2019 -0500

    Tiny update to README

commit 565f4296dc6ed0cf2bfa0daba161d3b96e511f51
Author: periodicaidan <periodicaidan@gmail.com>
Date:   Fri Mar 22 00:12:09 2019 -0500

    Added jQuery (for Bootstrap), a makefile, and a few touchups

commit ed29a4b8121a96a9a0df6d5328ff542756061217
Author: Xindi Xu <xindixu@utexas.edu>
Date:   Thu Mar 21 23:41:43 2019 -0500

    style form for login & register + complete the func

commit 219ecdc4382fcb772c7327d693003612e8002204
Author: Xindi Xu <xindixu@utexas.edu>
Date:   Thu Mar 21 23:32:34 2019 -0500

    fix navbar for logged in users

commit 81e00c726a3cb8e6a5f6e02749cfac80fe7c3892
Author: Xindi Xu <xindixu@utexas.edu>
Date:   Thu Mar 21 23:29:59 2019 -0500

    set up navbar

commit e925727a6af60fb817943b10ea6b67d6606fd637
Author: Xindi Xu <xindixu@utexas.edu>
Date:   Thu Mar 21 23:20:22 2019 -0500

    set up db, routes, layout

commit 34ce54737bbb7ff83421acdd8912c6a9d62dba88
Author: Xindi Xu <xindixu@utexas.edu>
Date:   Thu Mar 21 22:38:49 2019 -0500

    add requirements file

commit 19d8a34f8da3066516f91cd139f6567cd3ae47b5
Author: periodicaidan <periodicaidan@gmail.com>
Date:   Sat Mar 16 22:01:22 2019 -0500

    Added about page and Bootstrap CDN

commit 52b9061feb7f3645f60949df71091f280a11dfa0
Author: periodicaidan <periodicaidan@gmail.com>
Date:   Sat Mar 16 21:45:00 2019 -0500

    Starting over without React

commit d44f39ed2669f6f7ac81540ea21d137e14887d5c
Author: Xindi Xu <xindixu@utexas.edu>
Date:   Thu Mar 14 22:34:31 2019 -0500

    retry setup & gitignore

commit aefef51235e9fb43b0a41847a616425b4f199cea
Author: Xindi Xu <xindixu@utexas.edu>
Date:   Thu Mar 14 22:22:28 2019 -0500

    tye ignore node_modules

commit 2241c521e581c935d77d1964b2f001b834f1ea3d
Author: periodicaidan <periodicaidan@gmail.com>
Date:   Thu Mar 14 22:06:44 2019 -0500

    Added index.html and some files for git and GitLab

commit 6297849afcc4226cae311af175bb332b6325ffa5
Author: Xindi Xu <xindixu@utexas.edu>
Date:   Thu Mar 14 21:13:22 2019 -0500

    set up react + flask
